ARM GAS  /var/folders/fs/dxwfnrqj18z860lwl3d6f5t00000gn/T//ccHoXnlL.s 			page 1


   1              		.cpu cortex-m0plus
   2              		.eabi_attribute 20, 1
   3              		.eabi_attribute 21, 1
   4              		.eabi_attribute 23, 3
   5              		.eabi_attribute 24, 1
   6              		.eabi_attribute 25, 1
   7              		.eabi_attribute 26, 1
   8              		.eabi_attribute 30, 6
   9              		.eabi_attribute 34, 0
  10              		.eabi_attribute 18, 4
  11              		.file	"stm32l0xx_hal_msp.c"
  12              		.text
  13              	.Ltext0:
  14              		.cfi_sections	.debug_frame
  15              		.section	.text.HAL_MspInit,"ax",%progbits
  16              		.align	1
  17              		.global	HAL_MspInit
  18              		.arch armv6s-m
  19              		.syntax unified
  20              		.code	16
  21              		.thumb_func
  22              		.fpu softvfp
  24              	HAL_MspInit:
  25              	.LFB47:
  26              		.file 1 "Core/Src/stm32l0xx_hal_msp.c"
   1:Core/Src/stm32l0xx_hal_msp.c **** /* USER CODE BEGIN Header */
   2:Core/Src/stm32l0xx_hal_msp.c **** /**
   3:Core/Src/stm32l0xx_hal_msp.c ****   ******************************************************************************
   4:Core/Src/stm32l0xx_hal_msp.c ****   * @file         stm32l0xx_hal_msp.c
   5:Core/Src/stm32l0xx_hal_msp.c ****   * @brief        This file provides code for the MSP Initialization
   6:Core/Src/stm32l0xx_hal_msp.c ****   *               and de-Initialization codes.
   7:Core/Src/stm32l0xx_hal_msp.c ****   ******************************************************************************
   8:Core/Src/stm32l0xx_hal_msp.c ****   * @attention
   9:Core/Src/stm32l0xx_hal_msp.c ****   *
  10:Core/Src/stm32l0xx_hal_msp.c ****   * <h2><center>&copy; Copyright (c) 2022 STMicroelectronics.
  11:Core/Src/stm32l0xx_hal_msp.c ****   * All rights reserved.</center></h2>
  12:Core/Src/stm32l0xx_hal_msp.c ****   *
  13:Core/Src/stm32l0xx_hal_msp.c ****   * This software component is licensed by ST under BSD 3-Clause license,
  14:Core/Src/stm32l0xx_hal_msp.c ****   * the "License"; You may not use this file except in compliance with the
  15:Core/Src/stm32l0xx_hal_msp.c ****   * License. You may obtain a copy of the License at:
  16:Core/Src/stm32l0xx_hal_msp.c ****   *                        opensource.org/licenses/BSD-3-Clause
  17:Core/Src/stm32l0xx_hal_msp.c ****   *
  18:Core/Src/stm32l0xx_hal_msp.c ****   ******************************************************************************
  19:Core/Src/stm32l0xx_hal_msp.c ****   */
  20:Core/Src/stm32l0xx_hal_msp.c **** /* USER CODE END Header */
  21:Core/Src/stm32l0xx_hal_msp.c **** 
  22:Core/Src/stm32l0xx_hal_msp.c **** /* Includes ------------------------------------------------------------------*/
  23:Core/Src/stm32l0xx_hal_msp.c **** #include "main.h"
  24:Core/Src/stm32l0xx_hal_msp.c **** /* USER CODE BEGIN Includes */
  25:Core/Src/stm32l0xx_hal_msp.c **** 
  26:Core/Src/stm32l0xx_hal_msp.c **** /* USER CODE END Includes */
  27:Core/Src/stm32l0xx_hal_msp.c **** 
  28:Core/Src/stm32l0xx_hal_msp.c **** /* Private typedef -----------------------------------------------------------*/
  29:Core/Src/stm32l0xx_hal_msp.c **** /* USER CODE BEGIN TD */
  30:Core/Src/stm32l0xx_hal_msp.c **** 
  31:Core/Src/stm32l0xx_hal_msp.c **** /* USER CODE END TD */
  32:Core/Src/stm32l0xx_hal_msp.c **** 
ARM GAS  /var/folders/fs/dxwfnrqj18z860lwl3d6f5t00000gn/T//ccHoXnlL.s 			page 2


  33:Core/Src/stm32l0xx_hal_msp.c **** /* Private define ------------------------------------------------------------*/
  34:Core/Src/stm32l0xx_hal_msp.c **** /* USER CODE BEGIN Define */
  35:Core/Src/stm32l0xx_hal_msp.c **** 
  36:Core/Src/stm32l0xx_hal_msp.c **** /* USER CODE END Define */
  37:Core/Src/stm32l0xx_hal_msp.c **** 
  38:Core/Src/stm32l0xx_hal_msp.c **** /* Private macro -------------------------------------------------------------*/
  39:Core/Src/stm32l0xx_hal_msp.c **** /* USER CODE BEGIN Macro */
  40:Core/Src/stm32l0xx_hal_msp.c **** 
  41:Core/Src/stm32l0xx_hal_msp.c **** /* USER CODE END Macro */
  42:Core/Src/stm32l0xx_hal_msp.c **** 
  43:Core/Src/stm32l0xx_hal_msp.c **** /* Private variables ---------------------------------------------------------*/
  44:Core/Src/stm32l0xx_hal_msp.c **** /* USER CODE BEGIN PV */
  45:Core/Src/stm32l0xx_hal_msp.c **** 
  46:Core/Src/stm32l0xx_hal_msp.c **** /* USER CODE END PV */
  47:Core/Src/stm32l0xx_hal_msp.c **** 
  48:Core/Src/stm32l0xx_hal_msp.c **** /* Private function prototypes -----------------------------------------------*/
  49:Core/Src/stm32l0xx_hal_msp.c **** /* USER CODE BEGIN PFP */
  50:Core/Src/stm32l0xx_hal_msp.c **** 
  51:Core/Src/stm32l0xx_hal_msp.c **** /* USER CODE END PFP */
  52:Core/Src/stm32l0xx_hal_msp.c **** 
  53:Core/Src/stm32l0xx_hal_msp.c **** /* External functions --------------------------------------------------------*/
  54:Core/Src/stm32l0xx_hal_msp.c **** /* USER CODE BEGIN ExternalFunctions */
  55:Core/Src/stm32l0xx_hal_msp.c **** 
  56:Core/Src/stm32l0xx_hal_msp.c **** /* USER CODE END ExternalFunctions */
  57:Core/Src/stm32l0xx_hal_msp.c **** 
  58:Core/Src/stm32l0xx_hal_msp.c **** /* USER CODE BEGIN 0 */
  59:Core/Src/stm32l0xx_hal_msp.c **** 
  60:Core/Src/stm32l0xx_hal_msp.c **** /* USER CODE END 0 */
  61:Core/Src/stm32l0xx_hal_msp.c **** /**
  62:Core/Src/stm32l0xx_hal_msp.c ****   * Initializes the Global MSP.
  63:Core/Src/stm32l0xx_hal_msp.c ****   */
  64:Core/Src/stm32l0xx_hal_msp.c **** void HAL_MspInit(void)
  65:Core/Src/stm32l0xx_hal_msp.c **** {
  27              		.loc 1 65 1
  28              		.cfi_startproc
  29              		@ args = 0, pretend = 0, frame = 0
  30              		@ frame_needed = 1, uses_anonymous_args = 0
  31 0000 80B5     		push	{r7, lr}
  32              	.LCFI0:
  33              		.cfi_def_cfa_offset 8
  34              		.cfi_offset 7, -8
  35              		.cfi_offset 14, -4
  36 0002 00AF     		add	r7, sp, #0
  37              	.LCFI1:
  38              		.cfi_def_cfa_register 7
  66:Core/Src/stm32l0xx_hal_msp.c ****   /* USER CODE BEGIN MspInit 0 */
  67:Core/Src/stm32l0xx_hal_msp.c **** 
  68:Core/Src/stm32l0xx_hal_msp.c ****   /* USER CODE END MspInit 0 */
  69:Core/Src/stm32l0xx_hal_msp.c **** 
  70:Core/Src/stm32l0xx_hal_msp.c ****   __HAL_RCC_SYSCFG_CLK_ENABLE();
  39              		.loc 1 70 3
  40 0004 074B     		ldr	r3, .L2
  41 0006 5A6B     		ldr	r2, [r3, #52]
  42 0008 064B     		ldr	r3, .L2
  43 000a 0121     		movs	r1, #1
  44 000c 0A43     		orrs	r2, r1
  45 000e 5A63     		str	r2, [r3, #52]
ARM GAS  /var/folders/fs/dxwfnrqj18z860lwl3d6f5t00000gn/T//ccHoXnlL.s 			page 3


  71:Core/Src/stm32l0xx_hal_msp.c ****   __HAL_RCC_PWR_CLK_ENABLE();
  46              		.loc 1 71 3
  47 0010 044B     		ldr	r3, .L2
  48 0012 9A6B     		ldr	r2, [r3, #56]
  49 0014 034B     		ldr	r3, .L2
  50 0016 8021     		movs	r1, #128
  51 0018 4905     		lsls	r1, r1, #21
  52 001a 0A43     		orrs	r2, r1
  53 001c 9A63     		str	r2, [r3, #56]
  72:Core/Src/stm32l0xx_hal_msp.c **** 
  73:Core/Src/stm32l0xx_hal_msp.c ****   /* System interrupt init*/
  74:Core/Src/stm32l0xx_hal_msp.c **** 
  75:Core/Src/stm32l0xx_hal_msp.c ****   /* USER CODE BEGIN MspInit 1 */
  76:Core/Src/stm32l0xx_hal_msp.c **** 
  77:Core/Src/stm32l0xx_hal_msp.c ****   /* USER CODE END MspInit 1 */
  78:Core/Src/stm32l0xx_hal_msp.c **** }
  54              		.loc 1 78 1
  55 001e C046     		nop
  56 0020 BD46     		mov	sp, r7
  57              		@ sp needed
  58 0022 80BD     		pop	{r7, pc}
  59              	.L3:
  60              		.align	2
  61              	.L2:
  62 0024 00100240 		.word	1073876992
  63              		.cfi_endproc
  64              	.LFE47:
  66              		.section	.text.HAL_TSC_MspInit,"ax",%progbits
  67              		.align	1
  68              		.global	HAL_TSC_MspInit
  69              		.syntax unified
  70              		.code	16
  71              		.thumb_func
  72              		.fpu softvfp
  74              	HAL_TSC_MspInit:
  75              	.LFB48:
  79:Core/Src/stm32l0xx_hal_msp.c **** 
  80:Core/Src/stm32l0xx_hal_msp.c **** /**
  81:Core/Src/stm32l0xx_hal_msp.c **** * @brief TSC MSP Initialization
  82:Core/Src/stm32l0xx_hal_msp.c **** * This function configures the hardware resources used in this example
  83:Core/Src/stm32l0xx_hal_msp.c **** * @param htsc: TSC handle pointer
  84:Core/Src/stm32l0xx_hal_msp.c **** * @retval None
  85:Core/Src/stm32l0xx_hal_msp.c **** */
  86:Core/Src/stm32l0xx_hal_msp.c **** void HAL_TSC_MspInit(TSC_HandleTypeDef* htsc)
  87:Core/Src/stm32l0xx_hal_msp.c **** {
  76              		.loc 1 87 1
  77              		.cfi_startproc
  78              		@ args = 0, pretend = 0, frame = 40
  79              		@ frame_needed = 1, uses_anonymous_args = 0
  80 0000 90B5     		push	{r4, r7, lr}
  81              	.LCFI2:
  82              		.cfi_def_cfa_offset 12
  83              		.cfi_offset 4, -12
  84              		.cfi_offset 7, -8
  85              		.cfi_offset 14, -4
  86 0002 8BB0     		sub	sp, sp, #44
  87              	.LCFI3:
ARM GAS  /var/folders/fs/dxwfnrqj18z860lwl3d6f5t00000gn/T//ccHoXnlL.s 			page 4


  88              		.cfi_def_cfa_offset 56
  89 0004 00AF     		add	r7, sp, #0
  90              	.LCFI4:
  91              		.cfi_def_cfa_register 7
  92 0006 7860     		str	r0, [r7, #4]
  88:Core/Src/stm32l0xx_hal_msp.c ****   GPIO_InitTypeDef GPIO_InitStruct = {0};
  93              		.loc 1 88 20
  94 0008 1424     		movs	r4, #20
  95 000a 3B19     		adds	r3, r7, r4
  96 000c 1800     		movs	r0, r3
  97 000e 1423     		movs	r3, #20
  98 0010 1A00     		movs	r2, r3
  99 0012 0021     		movs	r1, #0
 100 0014 FFF7FEFF 		bl	memset
  89:Core/Src/stm32l0xx_hal_msp.c ****   if(htsc->Instance==TSC)
 101              		.loc 1 89 10
 102 0018 7B68     		ldr	r3, [r7, #4]
 103 001a 1B68     		ldr	r3, [r3]
 104              		.loc 1 89 5
 105 001c 264A     		ldr	r2, .L7
 106 001e 9342     		cmp	r3, r2
 107 0020 46D1     		bne	.L6
 108              	.LBB2:
  90:Core/Src/stm32l0xx_hal_msp.c ****   {
  91:Core/Src/stm32l0xx_hal_msp.c ****   /* USER CODE BEGIN TSC_MspInit 0 */
  92:Core/Src/stm32l0xx_hal_msp.c **** 
  93:Core/Src/stm32l0xx_hal_msp.c ****   /* USER CODE END TSC_MspInit 0 */
  94:Core/Src/stm32l0xx_hal_msp.c ****     /* Peripheral clock enable */
  95:Core/Src/stm32l0xx_hal_msp.c ****     __HAL_RCC_TSC_CLK_ENABLE();
 109              		.loc 1 95 5
 110 0022 264B     		ldr	r3, .L7+4
 111 0024 1A6B     		ldr	r2, [r3, #48]
 112 0026 254B     		ldr	r3, .L7+4
 113 0028 8021     		movs	r1, #128
 114 002a 4902     		lsls	r1, r1, #9
 115 002c 0A43     		orrs	r2, r1
 116 002e 1A63     		str	r2, [r3, #48]
 117 0030 224B     		ldr	r3, .L7+4
 118 0032 1A6B     		ldr	r2, [r3, #48]
 119 0034 8023     		movs	r3, #128
 120 0036 5B02     		lsls	r3, r3, #9
 121 0038 1340     		ands	r3, r2
 122 003a 3B61     		str	r3, [r7, #16]
 123 003c 3B69     		ldr	r3, [r7, #16]
 124              	.LBE2:
 125              	.LBB3:
  96:Core/Src/stm32l0xx_hal_msp.c **** 
  97:Core/Src/stm32l0xx_hal_msp.c ****     __HAL_RCC_GPIOA_CLK_ENABLE();
 126              		.loc 1 97 5
 127 003e 1F4B     		ldr	r3, .L7+4
 128 0040 DA6A     		ldr	r2, [r3, #44]
 129 0042 1E4B     		ldr	r3, .L7+4
 130 0044 0121     		movs	r1, #1
 131 0046 0A43     		orrs	r2, r1
 132 0048 DA62     		str	r2, [r3, #44]
 133 004a 1C4B     		ldr	r3, .L7+4
 134 004c DB6A     		ldr	r3, [r3, #44]
ARM GAS  /var/folders/fs/dxwfnrqj18z860lwl3d6f5t00000gn/T//ccHoXnlL.s 			page 5


 135 004e 0122     		movs	r2, #1
 136 0050 1340     		ands	r3, r2
 137 0052 FB60     		str	r3, [r7, #12]
 138 0054 FB68     		ldr	r3, [r7, #12]
 139              	.LBE3:
  98:Core/Src/stm32l0xx_hal_msp.c ****     /**TSC GPIO Configuration
  99:Core/Src/stm32l0xx_hal_msp.c ****     PA0     ------> TSC_G1_IO1
 100:Core/Src/stm32l0xx_hal_msp.c ****     PA1     ------> TSC_G1_IO2
 101:Core/Src/stm32l0xx_hal_msp.c ****     */
 102:Core/Src/stm32l0xx_hal_msp.c ****     GPIO_InitStruct.Pin = GPIO_PIN_0;
 140              		.loc 1 102 25
 141 0056 3B19     		adds	r3, r7, r4
 142 0058 0122     		movs	r2, #1
 143 005a 1A60     		str	r2, [r3]
 103:Core/Src/stm32l0xx_hal_msp.c ****     GPIO_InitStruct.Mode = GPIO_MODE_AF_PP;
 144              		.loc 1 103 26
 145 005c 3B19     		adds	r3, r7, r4
 146 005e 0222     		movs	r2, #2
 147 0060 5A60     		str	r2, [r3, #4]
 104:Core/Src/stm32l0xx_hal_msp.c ****     GPIO_InitStruct.Pull = GPIO_NOPULL;
 148              		.loc 1 104 26
 149 0062 3B19     		adds	r3, r7, r4
 150 0064 0022     		movs	r2, #0
 151 0066 9A60     		str	r2, [r3, #8]
 105:Core/Src/stm32l0xx_hal_msp.c ****     GPIO_InitStruct.Speed = GPIO_SPEED_FREQ_LOW;
 152              		.loc 1 105 27
 153 0068 3B19     		adds	r3, r7, r4
 154 006a 0022     		movs	r2, #0
 155 006c DA60     		str	r2, [r3, #12]
 106:Core/Src/stm32l0xx_hal_msp.c ****     GPIO_InitStruct.Alternate = GPIO_AF3_TSC;
 156              		.loc 1 106 31
 157 006e 3B19     		adds	r3, r7, r4
 158 0070 0322     		movs	r2, #3
 159 0072 1A61     		str	r2, [r3, #16]
 107:Core/Src/stm32l0xx_hal_msp.c ****     HAL_GPIO_Init(GPIOA, &GPIO_InitStruct);
 160              		.loc 1 107 5
 161 0074 3A19     		adds	r2, r7, r4
 162 0076 A023     		movs	r3, #160
 163 0078 DB05     		lsls	r3, r3, #23
 164 007a 1100     		movs	r1, r2
 165 007c 1800     		movs	r0, r3
 166 007e FFF7FEFF 		bl	HAL_GPIO_Init
 108:Core/Src/stm32l0xx_hal_msp.c **** 
 109:Core/Src/stm32l0xx_hal_msp.c ****     GPIO_InitStruct.Pin = GPIO_PIN_1;
 167              		.loc 1 109 25
 168 0082 2100     		movs	r1, r4
 169 0084 7B18     		adds	r3, r7, r1
 170 0086 0222     		movs	r2, #2
 171 0088 1A60     		str	r2, [r3]
 110:Core/Src/stm32l0xx_hal_msp.c ****     GPIO_InitStruct.Mode = GPIO_MODE_AF_OD;
 172              		.loc 1 110 26
 173 008a 7B18     		adds	r3, r7, r1
 174 008c 1222     		movs	r2, #18
 175 008e 5A60     		str	r2, [r3, #4]
 111:Core/Src/stm32l0xx_hal_msp.c ****     GPIO_InitStruct.Pull = GPIO_NOPULL;
 176              		.loc 1 111 26
 177 0090 7B18     		adds	r3, r7, r1
ARM GAS  /var/folders/fs/dxwfnrqj18z860lwl3d6f5t00000gn/T//ccHoXnlL.s 			page 6


 178 0092 0022     		movs	r2, #0
 179 0094 9A60     		str	r2, [r3, #8]
 112:Core/Src/stm32l0xx_hal_msp.c ****     GPIO_InitStruct.Speed = GPIO_SPEED_FREQ_LOW;
 180              		.loc 1 112 27
 181 0096 7B18     		adds	r3, r7, r1
 182 0098 0022     		movs	r2, #0
 183 009a DA60     		str	r2, [r3, #12]
 113:Core/Src/stm32l0xx_hal_msp.c ****     GPIO_InitStruct.Alternate = GPIO_AF3_TSC;
 184              		.loc 1 113 31
 185 009c 7B18     		adds	r3, r7, r1
 186 009e 0322     		movs	r2, #3
 187 00a0 1A61     		str	r2, [r3, #16]
 114:Core/Src/stm32l0xx_hal_msp.c ****     HAL_GPIO_Init(GPIOA, &GPIO_InitStruct);
 188              		.loc 1 114 5
 189 00a2 7A18     		adds	r2, r7, r1
 190 00a4 A023     		movs	r3, #160
 191 00a6 DB05     		lsls	r3, r3, #23
 192 00a8 1100     		movs	r1, r2
 193 00aa 1800     		movs	r0, r3
 194 00ac FFF7FEFF 		bl	HAL_GPIO_Init
 195              	.L6:
 115:Core/Src/stm32l0xx_hal_msp.c **** 
 116:Core/Src/stm32l0xx_hal_msp.c ****   /* USER CODE BEGIN TSC_MspInit 1 */
 117:Core/Src/stm32l0xx_hal_msp.c **** 
 118:Core/Src/stm32l0xx_hal_msp.c ****   /* USER CODE END TSC_MspInit 1 */
 119:Core/Src/stm32l0xx_hal_msp.c ****   }
 120:Core/Src/stm32l0xx_hal_msp.c **** 
 121:Core/Src/stm32l0xx_hal_msp.c **** }
 196              		.loc 1 121 1
 197 00b0 C046     		nop
 198 00b2 BD46     		mov	sp, r7
 199 00b4 0BB0     		add	sp, sp, #44
 200              		@ sp needed
 201 00b6 90BD     		pop	{r4, r7, pc}
 202              	.L8:
 203              		.align	2
 204              	.L7:
 205 00b8 00400240 		.word	1073889280
 206 00bc 00100240 		.word	1073876992
 207              		.cfi_endproc
 208              	.LFE48:
 210              		.section	.text.HAL_TSC_MspDeInit,"ax",%progbits
 211              		.align	1
 212              		.global	HAL_TSC_MspDeInit
 213              		.syntax unified
 214              		.code	16
 215              		.thumb_func
 216              		.fpu softvfp
 218              	HAL_TSC_MspDeInit:
 219              	.LFB49:
 122:Core/Src/stm32l0xx_hal_msp.c **** 
 123:Core/Src/stm32l0xx_hal_msp.c **** /**
 124:Core/Src/stm32l0xx_hal_msp.c **** * @brief TSC MSP De-Initialization
 125:Core/Src/stm32l0xx_hal_msp.c **** * This function freeze the hardware resources used in this example
 126:Core/Src/stm32l0xx_hal_msp.c **** * @param htsc: TSC handle pointer
 127:Core/Src/stm32l0xx_hal_msp.c **** * @retval None
 128:Core/Src/stm32l0xx_hal_msp.c **** */
ARM GAS  /var/folders/fs/dxwfnrqj18z860lwl3d6f5t00000gn/T//ccHoXnlL.s 			page 7


 129:Core/Src/stm32l0xx_hal_msp.c **** void HAL_TSC_MspDeInit(TSC_HandleTypeDef* htsc)
 130:Core/Src/stm32l0xx_hal_msp.c **** {
 220              		.loc 1 130 1
 221              		.cfi_startproc
 222              		@ args = 0, pretend = 0, frame = 8
 223              		@ frame_needed = 1, uses_anonymous_args = 0
 224 0000 80B5     		push	{r7, lr}
 225              	.LCFI5:
 226              		.cfi_def_cfa_offset 8
 227              		.cfi_offset 7, -8
 228              		.cfi_offset 14, -4
 229 0002 82B0     		sub	sp, sp, #8
 230              	.LCFI6:
 231              		.cfi_def_cfa_offset 16
 232 0004 00AF     		add	r7, sp, #0
 233              	.LCFI7:
 234              		.cfi_def_cfa_register 7
 235 0006 7860     		str	r0, [r7, #4]
 131:Core/Src/stm32l0xx_hal_msp.c ****   if(htsc->Instance==TSC)
 236              		.loc 1 131 10
 237 0008 7B68     		ldr	r3, [r7, #4]
 238 000a 1B68     		ldr	r3, [r3]
 239              		.loc 1 131 5
 240 000c 094A     		ldr	r2, .L12
 241 000e 9342     		cmp	r3, r2
 242 0010 0BD1     		bne	.L11
 132:Core/Src/stm32l0xx_hal_msp.c ****   {
 133:Core/Src/stm32l0xx_hal_msp.c ****   /* USER CODE BEGIN TSC_MspDeInit 0 */
 134:Core/Src/stm32l0xx_hal_msp.c **** 
 135:Core/Src/stm32l0xx_hal_msp.c ****   /* USER CODE END TSC_MspDeInit 0 */
 136:Core/Src/stm32l0xx_hal_msp.c ****     /* Peripheral clock disable */
 137:Core/Src/stm32l0xx_hal_msp.c ****     __HAL_RCC_TSC_CLK_DISABLE();
 243              		.loc 1 137 5
 244 0012 094B     		ldr	r3, .L12+4
 245 0014 1A6B     		ldr	r2, [r3, #48]
 246 0016 084B     		ldr	r3, .L12+4
 247 0018 0849     		ldr	r1, .L12+8
 248 001a 0A40     		ands	r2, r1
 249 001c 1A63     		str	r2, [r3, #48]
 138:Core/Src/stm32l0xx_hal_msp.c **** 
 139:Core/Src/stm32l0xx_hal_msp.c ****     /**TSC GPIO Configuration
 140:Core/Src/stm32l0xx_hal_msp.c ****     PA0     ------> TSC_G1_IO1
 141:Core/Src/stm32l0xx_hal_msp.c ****     PA1     ------> TSC_G1_IO2
 142:Core/Src/stm32l0xx_hal_msp.c ****     */
 143:Core/Src/stm32l0xx_hal_msp.c ****     HAL_GPIO_DeInit(GPIOA, GPIO_PIN_0|GPIO_PIN_1);
 250              		.loc 1 143 5
 251 001e A023     		movs	r3, #160
 252 0020 DB05     		lsls	r3, r3, #23
 253 0022 0321     		movs	r1, #3
 254 0024 1800     		movs	r0, r3
 255 0026 FFF7FEFF 		bl	HAL_GPIO_DeInit
 256              	.L11:
 144:Core/Src/stm32l0xx_hal_msp.c **** 
 145:Core/Src/stm32l0xx_hal_msp.c ****   /* USER CODE BEGIN TSC_MspDeInit 1 */
 146:Core/Src/stm32l0xx_hal_msp.c **** 
 147:Core/Src/stm32l0xx_hal_msp.c ****   /* USER CODE END TSC_MspDeInit 1 */
 148:Core/Src/stm32l0xx_hal_msp.c ****   }
ARM GAS  /var/folders/fs/dxwfnrqj18z860lwl3d6f5t00000gn/T//ccHoXnlL.s 			page 8


 149:Core/Src/stm32l0xx_hal_msp.c **** 
 150:Core/Src/stm32l0xx_hal_msp.c **** }
 257              		.loc 1 150 1
 258 002a C046     		nop
 259 002c BD46     		mov	sp, r7
 260 002e 02B0     		add	sp, sp, #8
 261              		@ sp needed
 262 0030 80BD     		pop	{r7, pc}
 263              	.L13:
 264 0032 C046     		.align	2
 265              	.L12:
 266 0034 00400240 		.word	1073889280
 267 0038 00100240 		.word	1073876992
 268 003c FFFFFEFF 		.word	-65537
 269              		.cfi_endproc
 270              	.LFE49:
 272              		.text
 273              	.Letext0:
 274              		.file 2 "/Applications/ARM/arm-none-eabi/include/machine/_default_types.h"
 275              		.file 3 "/Applications/ARM/arm-none-eabi/include/sys/_stdint.h"
 276              		.file 4 "Drivers/CMSIS/Device/ST/STM32L0xx/Include/stm32l053xx.h"
 277              		.file 5 "Drivers/CMSIS/Device/ST/STM32L0xx/Include/stm32l0xx.h"
 278              		.file 6 "Drivers/STM32L0xx_HAL_Driver/Inc/stm32l0xx_hal_def.h"
 279              		.file 7 "Drivers/STM32L0xx_HAL_Driver/Inc/stm32l0xx_hal_gpio.h"
 280              		.file 8 "Drivers/STM32L0xx_HAL_Driver/Inc/stm32l0xx_hal_tsc.h"
ARM GAS  /var/folders/fs/dxwfnrqj18z860lwl3d6f5t00000gn/T//ccHoXnlL.s 			page 9


DEFINED SYMBOLS
                            *ABS*:0000000000000000 stm32l0xx_hal_msp.c
/var/folders/fs/dxwfnrqj18z860lwl3d6f5t00000gn/T//ccHoXnlL.s:16     .text.HAL_MspInit:0000000000000000 $t
/var/folders/fs/dxwfnrqj18z860lwl3d6f5t00000gn/T//ccHoXnlL.s:24     .text.HAL_MspInit:0000000000000000 HAL_MspInit
/var/folders/fs/dxwfnrqj18z860lwl3d6f5t00000gn/T//ccHoXnlL.s:62     .text.HAL_MspInit:0000000000000024 $d
/var/folders/fs/dxwfnrqj18z860lwl3d6f5t00000gn/T//ccHoXnlL.s:67     .text.HAL_TSC_MspInit:0000000000000000 $t
/var/folders/fs/dxwfnrqj18z860lwl3d6f5t00000gn/T//ccHoXnlL.s:74     .text.HAL_TSC_MspInit:0000000000000000 HAL_TSC_MspInit
/var/folders/fs/dxwfnrqj18z860lwl3d6f5t00000gn/T//ccHoXnlL.s:205    .text.HAL_TSC_MspInit:00000000000000b8 $d
/var/folders/fs/dxwfnrqj18z860lwl3d6f5t00000gn/T//ccHoXnlL.s:211    .text.HAL_TSC_MspDeInit:0000000000000000 $t
/var/folders/fs/dxwfnrqj18z860lwl3d6f5t00000gn/T//ccHoXnlL.s:218    .text.HAL_TSC_MspDeInit:0000000000000000 HAL_TSC_MspDeInit
/var/folders/fs/dxwfnrqj18z860lwl3d6f5t00000gn/T//ccHoXnlL.s:266    .text.HAL_TSC_MspDeInit:0000000000000034 $d

UNDEFINED SYMBOLS
memset
HAL_GPIO_Init
HAL_GPIO_DeInit
